TN:
SF:module.js
FN:9,calculateAge
FN:24,normalizeDate
FNF:2
FNH:2
FNDA:11,calculateAge
FNDA:12,normalizeDate
DA:10,11
DA:11,2
DA:13,9
DA:14,1
DA:16,8
DA:17,2
DA:20,6
DA:21,6
DA:25,12
DA:28,6
DA:29,6
DA:32,6
DA:33,1
DA:36,5
DA:40,5
DA:45,5
DA:46,0
DA:49,5
LF:18
LH:17
BRDA:10,0,0,2
BRDA:10,0,1,9
BRDA:10,1,0,11
BRDA:10,1,1,10
BRDA:13,2,0,1
BRDA:13,2,1,8
BRDA:16,3,0,2
BRDA:16,3,1,6
BRDA:16,4,0,8
BRDA:16,4,1,7
BRDA:32,5,0,1
BRDA:32,5,1,5
BRDA:40,6,0,5
BRDA:40,6,1,2
BRDA:40,6,2,2
BRDA:45,7,0,0
BRDA:45,7,1,5
BRF:17
BRH:16
end_of_record
